<?xml version="1.0" encoding="UTF-8"?>
<!-- Generated by org.testng.reporters.JUnitXMLReporter -->
<testsuite ignored="2" hostname="DESKTOP-FBNAVJ9" failures="0" tests="2" name="Test" time="16.0" errors="0" timestamp="13 Feb 2023 12:35:04 GMT">
  <testcase classname="com.invicta.qa.testcases.login.LoginTest" name="Login" time="6.343"/>
  <testcase classname="com.invicta.qa.testcases.sbu.DeleteSbuUITest" name="deletesbu" time="9.601"/>
  <testcase classname="com.invicta.qa.base.DriverIntialization" name="@AfterSuite closeChrome" time="0.0">
    <ignored/>
  </testcase> <!-- @AfterSuite closeChrome -->
  <testcase classname="com.invicta.qa.base.DriverIntialization" name="@BeforeSuite main" time="0.0">
    <ignored/>
  </testcase> <!-- @BeforeSuite main -->
</testsuite> <!-- Test -->
