<?xml version="1.0" encoding="UTF-8"?>
<testng-results ignored="0" total="1" passed="1" failed="0" skipped="0">
  <reporter-output>
  </reporter-output>
  <suite started-at="2023-02-21T04:19:39Z" name="Default suite" finished-at="2023-02-21T04:21:01Z" duration-ms="81326">
    <groups>
    </groups>
    <test started-at="2023-02-21T04:19:39Z" name="Default test" finished-at="2023-02-21T04:21:01Z" duration-ms="81326">
      <class name="com.invicta.qa.testcases.sbu.MethodCalling">
        <test-method is-config="true" signature="main()[pri:0, instance:com.invicta.qa.testcases.sbu.MethodCalling@64a4dd8d]" started-at="2023-02-21T04:19:29Z" name="main" finished-at="2023-02-21T04:19:39Z" duration-ms="10018" status="PASS">
          <reporter-output>
          </reporter-output>
        </test-method> <!-- main -->
        <test-method signature="FirstTestCase()[pri:0, instance:com.invicta.qa.testcases.sbu.MethodCalling@64a4dd8d]" started-at="2023-02-21T04:19:39Z" name="FirstTestCase" finished-at="2023-02-21T04:21:01Z" duration-ms="81284" status="PASS">
          <reporter-output>
          </reporter-output>
        </test-method> <!-- FirstTestCase -->
        <test-method is-config="true" signature="closeChrome()[pri:0, instance:com.invicta.qa.testcases.sbu.MethodCalling@64a4dd8d]" started-at="2023-02-21T04:21:01Z" name="closeChrome" finished-at="2023-02-21T04:21:01Z" duration-ms="619" status="PASS">
          <reporter-output>
          </reporter-output>
        </test-method> <!-- closeChrome -->
      </class> <!-- com.invicta.qa.testcases.sbu.MethodCalling -->
    </test> <!-- Default test -->
  </suite> <!-- Default suite -->
</testng-results>
